mode: atomic
github.com/jarakey/jarakey-shared-middleware/utils/crypto.go:21.56,25.2 1 12
github.com/jarakey/jarakey-shared-middleware/utils/crypto.go:28.62,32.16 3 101
github.com/jarakey/jarakey-shared-middleware/utils/crypto.go:32.16,34.3 1 0
github.com/jarakey/jarakey-shared-middleware/utils/crypto.go:37.2,38.27 2 101
github.com/jarakey/jarakey-shared-middleware/utils/crypto.go:42.63,46.2 3 9
github.com/jarakey/jarakey-shared-middleware/utils/crypto.go:49.70,52.2 2 5
github.com/jarakey/jarakey-shared-middleware/utils/crypto.go:55.107,69.2 3 2
github.com/jarakey/jarakey-shared-middleware/utils/crypto.go:72.75,74.40 1 3
github.com/jarakey/jarakey-shared-middleware/utils/crypto.go:74.40,76.3 1 1
github.com/jarakey/jarakey-shared-middleware/utils/crypto.go:79.2,82.56 2 2
github.com/jarakey/jarakey-shared-middleware/utils/crypto.go:86.74,88.17 1 11
github.com/jarakey/jarakey-shared-middleware/utils/crypto.go:88.17,90.3 1 3
github.com/jarakey/jarakey-shared-middleware/utils/crypto.go:92.2,94.19 3 8
github.com/jarakey/jarakey-shared-middleware/utils/crypto.go:94.19,96.17 2 240
github.com/jarakey/jarakey-shared-middleware/utils/crypto.go:96.17,98.4 1 0
github.com/jarakey/jarakey-shared-middleware/utils/crypto.go:99.3,99.38 1 240
github.com/jarakey/jarakey-shared-middleware/utils/crypto.go:101.2,101.23 1 8
github.com/jarakey/jarakey-shared-middleware/utils/crypto.go:105.62,109.2 3 10
github.com/jarakey/jarakey-shared-middleware/utils/crypto.go:112.72,115.2 2 6
github.com/jarakey/jarakey-shared-middleware/utils/jwt.go:18.50,22.2 1 9
github.com/jarakey/jarakey-shared-middleware/utils/jwt.go:25.70,37.2 3 7
github.com/jarakey/jarakey-shared-middleware/utils/jwt.go:40.82,41.113 1 10
github.com/jarakey/jarakey-shared-middleware/utils/jwt.go:41.113,42.58 1 6
github.com/jarakey/jarakey-shared-middleware/utils/jwt.go:42.58,44.4 1 0
github.com/jarakey/jarakey-shared-middleware/utils/jwt.go:45.3,45.34 1 6
github.com/jarakey/jarakey-shared-middleware/utils/jwt.go:48.2,48.16 1 10
github.com/jarakey/jarakey-shared-middleware/utils/jwt.go:48.16,50.3 1 5
github.com/jarakey/jarakey-shared-middleware/utils/jwt.go:52.2,52.70 1 5
github.com/jarakey/jarakey-shared-middleware/utils/jwt.go:52.70,54.3 1 5
github.com/jarakey/jarakey-shared-middleware/utils/jwt.go:56.2,56.41 1 0
github.com/jarakey/jarakey-shared-middleware/utils/jwt.go:60.71,62.16 2 3
github.com/jarakey/jarakey-shared-middleware/utils/jwt.go:62.16,64.3 1 2
github.com/jarakey/jarakey-shared-middleware/utils/jwt.go:68.2,74.51 4 1
github.com/jarakey/jarakey-shared-middleware/utils/jwt.go:74.51,76.3 1 1
github.com/jarakey/jarakey-shared-middleware/utils/jwt.go:78.2,88.48 3 1
github.com/jarakey/jarakey-shared-middleware/migrations/migrate.go:26.32,28.53 1 3
github.com/jarakey/jarakey-shared-middleware/migrations/migrate.go:28.53,30.3 1 1
github.com/jarakey/jarakey-shared-middleware/migrations/migrate.go:33.2,41.16 7 2
github.com/jarakey/jarakey-shared-middleware/migrations/migrate.go:41.16,43.3 1 1
github.com/jarakey/jarakey-shared-middleware/migrations/migrate.go:44.2,44.16 1 2
github.com/jarakey/jarakey-shared-middleware/migrations/migrate.go:44.16,46.3 1 1
github.com/jarakey/jarakey-shared-middleware/migrations/migrate.go:47.2,47.19 1 2
github.com/jarakey/jarakey-shared-middleware/migrations/migrate.go:47.19,49.3 1 1
github.com/jarakey/jarakey-shared-middleware/migrations/migrate.go:52.2,52.50 1 2
github.com/jarakey/jarakey-shared-middleware/migrations/migrate.go:52.50,54.3 1 1
github.com/jarakey/jarakey-shared-middleware/migrations/migrate.go:56.2,56.11 1 1
github.com/jarakey/jarakey-shared-middleware/migrations/migrate.go:60.30,67.2 1 1
github.com/jarakey/jarakey-shared-middleware/migrations/migrate.go:76.53,77.19 1 2
github.com/jarakey/jarakey-shared-middleware/migrations/migrate.go:77.19,79.3 1 0
github.com/jarakey/jarakey-shared-middleware/migrations/migrate.go:82.2,82.30 1 2
github.com/jarakey/jarakey-shared-middleware/migrations/migrate.go:82.30,84.3 1 1
github.com/jarakey/jarakey-shared-middleware/migrations/migrate.go:87.2,88.16 2 1
github.com/jarakey/jarakey-shared-middleware/migrations/migrate.go:88.16,90.3 1 0
github.com/jarakey/jarakey-shared-middleware/migrations/migrate.go:93.2,97.59 3 1
github.com/jarakey/jarakey-shared-middleware/migrations/migrate.go:97.59,99.3 1 0
github.com/jarakey/jarakey-shared-middleware/migrations/migrate.go:102.2,103.16 2 1
github.com/jarakey/jarakey-shared-middleware/migrations/migrate.go:103.16,105.3 1 0
github.com/jarakey/jarakey-shared-middleware/migrations/migrate.go:105.8,107.30 2 1
github.com/jarakey/jarakey-shared-middleware/migrations/migrate.go:107.30,109.4 1 4
github.com/jarakey/jarakey-shared-middleware/migrations/migrate.go:114.2,127.16 6 1
github.com/jarakey/jarakey-shared-middleware/migrations/migrate.go:127.16,133.3 2 1
github.com/jarakey/jarakey-shared-middleware/migrations/migrate.go:136.2,136.16 1 1
github.com/jarakey/jarakey-shared-middleware/migrations/migrate.go:136.16,145.3 4 1
github.com/jarakey/jarakey-shared-middleware/migrations/migrate.go:147.2,147.16 1 1
github.com/jarakey/jarakey-shared-middleware/migrations/migrate.go:147.16,149.3 1 1
github.com/jarakey/jarakey-shared-middleware/migrations/migrate.go:152.2,152.24 1 0
github.com/jarakey/jarakey-shared-middleware/migrations/migrate.go:152.24,154.3 1 0
github.com/jarakey/jarakey-shared-middleware/migrations/migrate.go:157.2,157.25 1 0
github.com/jarakey/jarakey-shared-middleware/migrations/migrate.go:158.15,159.25 1 0
github.com/jarakey/jarakey-shared-middleware/migrations/migrate.go:160.14,161.24 1 0
github.com/jarakey/jarakey-shared-middleware/migrations/migrate.go:162.14,163.24 1 0
github.com/jarakey/jarakey-shared-middleware/migrations/migrate.go:164.15,165.25 1 0
github.com/jarakey/jarakey-shared-middleware/migrations/migrate.go:166.10,167.24 1 0
github.com/jarakey/jarakey-shared-middleware/migrations/migrate.go:171.2,171.65 1 0
github.com/jarakey/jarakey-shared-middleware/migrations/migrate.go:171.65,173.3 1 0
github.com/jarakey/jarakey-shared-middleware/migrations/migrate.go:175.2,178.8 1 0
github.com/jarakey/jarakey-shared-middleware/migrations/migrate.go:182.60,187.41 2 0
github.com/jarakey/jarakey-shared-middleware/migrations/migrate.go:187.41,189.3 1 0
github.com/jarakey/jarakey-shared-middleware/migrations/migrate.go:191.2,192.12 2 0
github.com/jarakey/jarakey-shared-middleware/migrations/migrate.go:196.50,205.46 5 0
github.com/jarakey/jarakey-shared-middleware/migrations/migrate.go:205.46,208.140 1 0
github.com/jarakey/jarakey-shared-middleware/migrations/migrate.go:208.140,211.55 2 0
github.com/jarakey/jarakey-shared-middleware/migrations/migrate.go:211.55,214.71 2 0
github.com/jarakey/jarakey-shared-middleware/migrations/migrate.go:214.71,216.6 1 0
github.com/jarakey/jarakey-shared-middleware/migrations/migrate.go:218.5,218.87 1 0
github.com/jarakey/jarakey-shared-middleware/migrations/migrate.go:218.87,220.6 1 0
github.com/jarakey/jarakey-shared-middleware/migrations/migrate.go:221.10,223.87 1 0
github.com/jarakey/jarakey-shared-middleware/migrations/migrate.go:223.87,225.6 1 0
github.com/jarakey/jarakey-shared-middleware/migrations/migrate.go:227.9,229.4 1 0
github.com/jarakey/jarakey-shared-middleware/migrations/migrate.go:232.2,232.32 1 0
github.com/jarakey/jarakey-shared-middleware/migrations/migrate.go:232.32,234.3 1 0
github.com/jarakey/jarakey-shared-middleware/migrations/migrate.go:234.8,236.3 1 0
github.com/jarakey/jarakey-shared-middleware/migrations/migrate.go:238.2,238.12 1 0
github.com/jarakey/jarakey-shared-middleware/migrations/migrate.go:242.52,245.41 2 0
github.com/jarakey/jarakey-shared-middleware/migrations/migrate.go:245.41,247.3 1 0
github.com/jarakey/jarakey-shared-middleware/migrations/migrate.go:249.2,250.12 2 0
github.com/jarakey/jarakey-shared-middleware/migrations/migrate.go:254.45,257.49 2 0
github.com/jarakey/jarakey-shared-middleware/migrations/migrate.go:257.49,259.3 1 0
github.com/jarakey/jarakey-shared-middleware/migrations/migrate.go:261.2,262.12 2 0
github.com/jarakey/jarakey-shared-middleware/migrations/migrate.go:266.50,268.2 1 0
github.com/jarakey/jarakey-shared-middleware/migrations/migrate.go:271.34,272.22 1 1
github.com/jarakey/jarakey-shared-middleware/migrations/migrate.go:272.22,273.46 1 0
github.com/jarakey/jarakey-shared-middleware/migrations/migrate.go:273.46,275.4 1 0
github.com/jarakey/jarakey-shared-middleware/migrations/migrate.go:277.2,277.12 1 1
github.com/jarakey/jarakey-shared-middleware/migrations/migrate.go:281.80,284.95 2 0
github.com/jarakey/jarakey-shared-middleware/migrations/migrate.go:284.95,285.17 1 0
github.com/jarakey/jarakey-shared-middleware/migrations/migrate.go:285.17,287.4 1 0
github.com/jarakey/jarakey-shared-middleware/migrations/migrate.go:289.3,289.52 1 0
github.com/jarakey/jarakey-shared-middleware/migrations/migrate.go:289.52,291.4 1 0
github.com/jarakey/jarakey-shared-middleware/migrations/migrate.go:293.3,293.13 1 0
github.com/jarakey/jarakey-shared-middleware/migrations/migrate.go:296.2,296.19 1 0
github.com/jarakey/jarakey-shared-middleware/migrations/migrate.go:300.41,301.19 1 2
github.com/jarakey/jarakey-shared-middleware/migrations/migrate.go:301.19,303.3 1 1
github.com/jarakey/jarakey-shared-middleware/migrations/migrate.go:306.2,306.19 1 1
github.com/jarakey/jarakey-shared-middleware/migrations/migrate.go:306.19,308.3 1 1
github.com/jarakey/jarakey-shared-middleware/migrations/migrate.go:310.2,310.14 1 0
github.com/jarakey/jarakey-shared-middleware/migrations/migrate.go:319.63,321.2 1 0
github.com/jarakey/jarakey-shared-middleware/migrations/migrate.go:323.38,325.2 1 0
github.com/jarakey/jarakey-shared-middleware/migrations/migrate.go:327.62,329.2 1 0
github.com/jarakey/jarakey-shared-middleware/migrations/migrate.go:331.37,333.2 1 0
github.com/jarakey/jarakey-shared-middleware/migrations/migrate.go:335.62,337.2 1 0
github.com/jarakey/jarakey-shared-middleware/migrations/migrate.go:339.37,341.2 1 0
github.com/jarakey/jarakey-shared-middleware/migrations/migrate.go:343.63,345.2 1 0
github.com/jarakey/jarakey-shared-middleware/migrations/migrate.go:347.38,349.2 1 0
github.com/jarakey/jarakey-shared-middleware/migrations/migrate.go:354.58,355.59 1 2
github.com/jarakey/jarakey-shared-middleware/migrations/migrate.go:355.59,357.3 1 1
github.com/jarakey/jarakey-shared-middleware/migrations/migrate.go:359.2,360.16 2 1
github.com/jarakey/jarakey-shared-middleware/migrations/migrate.go:360.16,362.3 1 0
github.com/jarakey/jarakey-shared-middleware/migrations/migrate.go:364.2,364.21 1 1
github.com/jarakey/jarakey-shared-middleware/migrations/migrate.go:364.21,366.3 1 1
github.com/jarakey/jarakey-shared-middleware/migrations/migrate.go:368.2,369.12 2 0
github.com/jarakey/jarakey-shared-middleware/migrations/migrate.go:373.65,375.16 2 1
github.com/jarakey/jarakey-shared-middleware/migrations/migrate.go:375.16,377.3 1 1
github.com/jarakey/jarakey-shared-middleware/migrations/migrate.go:378.2,381.48 3 0
github.com/jarakey/jarakey-shared-middleware/migrations/migrate.go:381.48,383.3 1 0
github.com/jarakey/jarakey-shared-middleware/migrations/migrate.go:385.2,385.28 1 0
github.com/jarakey/jarakey-shared-middleware/migrations/migrate.go:389.41,391.2 1 2
github.com/jarakey/jarakey-shared-middleware/migrations/migrate.go:394.77,399.16 3 0
github.com/jarakey/jarakey-shared-middleware/migrations/migrate.go:399.16,401.3 1 0
github.com/jarakey/jarakey-shared-middleware/migrations/migrate.go:403.2,403.21 1 0
github.com/jarakey/jarakey-shared-middleware/migrations/migrate.go:403.21,405.3 1 0
github.com/jarakey/jarakey-shared-middleware/migrations/migrate.go:407.2,408.29 2 0
github.com/jarakey/jarakey-shared-middleware/migrations/migrate.go:408.29,410.3 1 0
github.com/jarakey/jarakey-shared-middleware/migrations/migrate.go:412.2,412.12 1 0
github.com/jarakey/jarakey-shared-middleware/migrations/migrate.go:416.41,418.36 1 6
github.com/jarakey/jarakey-shared-middleware/migrations/migrate.go:418.36,421.3 2 1
github.com/jarakey/jarakey-shared-middleware/migrations/migrate.go:424.2,424.70 1 6
github.com/jarakey/jarakey-shared-middleware/migrations/migrate.go:424.70,427.3 2 1
github.com/jarakey/jarakey-shared-middleware/migrations/migrate.go:430.2,430.35 1 6
github.com/jarakey/jarakey-shared-middleware/migrations/migrate.go:430.35,433.3 2 1
github.com/jarakey/jarakey-shared-middleware/migrations/migrate.go:436.2,436.66 1 6
github.com/jarakey/jarakey-shared-middleware/migrations/migrate.go:436.66,439.54 2 1
github.com/jarakey/jarakey-shared-middleware/migrations/migrate.go:439.54,442.4 2 0
github.com/jarakey/jarakey-shared-middleware/migrations/migrate.go:446.2,447.24 2 6
github.com/jarakey/jarakey-shared-middleware/migrations/migrate.go:447.24,450.3 2 2
github.com/jarakey/jarakey-shared-middleware/migrations/migrate.go:452.2,452.13 1 6
github.com/jarakey/jarakey-shared-middleware/migrations/cmd/main.go:13.13,26.28 3 0
github.com/jarakey/jarakey-shared-middleware/migrations/cmd/main.go:26.28,28.76 2 0
github.com/jarakey/jarakey-shared-middleware/migrations/cmd/main.go:28.76,30.4 1 0
github.com/jarakey/jarakey-shared-middleware/migrations/cmd/main.go:31.3,32.9 2 0
github.com/jarakey/jarakey-shared-middleware/migrations/cmd/main.go:36.2,39.24 2 0
github.com/jarakey/jarakey-shared-middleware/migrations/cmd/main.go:39.24,41.3 1 0
github.com/jarakey/jarakey-shared-middleware/migrations/cmd/main.go:42.2,42.27 1 0
github.com/jarakey/jarakey-shared-middleware/migrations/cmd/main.go:42.27,44.3 1 0
github.com/jarakey/jarakey-shared-middleware/migrations/cmd/main.go:45.2,45.18 1 0
github.com/jarakey/jarakey-shared-middleware/migrations/cmd/main.go:45.18,47.3 1 0
github.com/jarakey/jarakey-shared-middleware/migrations/cmd/main.go:48.2,48.21 1 0
github.com/jarakey/jarakey-shared-middleware/migrations/cmd/main.go:48.21,50.3 1 0
github.com/jarakey/jarakey-shared-middleware/migrations/cmd/main.go:53.2,53.44 1 0
github.com/jarakey/jarakey-shared-middleware/migrations/cmd/main.go:53.44,55.17 2 0
github.com/jarakey/jarakey-shared-middleware/migrations/cmd/main.go:55.17,57.4 1 0
github.com/jarakey/jarakey-shared-middleware/migrations/cmd/main.go:58.3,59.76 2 0
github.com/jarakey/jarakey-shared-middleware/migrations/cmd/main.go:63.2,64.16 2 0
github.com/jarakey/jarakey-shared-middleware/migrations/cmd/main.go:64.16,66.3 1 0
github.com/jarakey/jarakey-shared-middleware/migrations/cmd/main.go:67.2,74.18 4 0
github.com/jarakey/jarakey-shared-middleware/migrations/cmd/main.go:75.12,77.42 2 0
github.com/jarakey/jarakey-shared-middleware/migrations/cmd/main.go:77.42,79.4 1 0
github.com/jarakey/jarakey-shared-middleware/migrations/cmd/main.go:80.3,80.54 1 0
github.com/jarakey/jarakey-shared-middleware/migrations/cmd/main.go:82.14,84.44 2 0
github.com/jarakey/jarakey-shared-middleware/migrations/cmd/main.go:84.44,86.4 1 0
github.com/jarakey/jarakey-shared-middleware/migrations/cmd/main.go:87.3,87.47 1 0
github.com/jarakey/jarakey-shared-middleware/migrations/cmd/main.go:89.15,90.25 1 0
github.com/jarakey/jarakey-shared-middleware/migrations/cmd/main.go:90.25,92.4 1 0
github.com/jarakey/jarakey-shared-middleware/migrations/cmd/main.go:93.3,94.55 2 0
github.com/jarakey/jarakey-shared-middleware/migrations/cmd/main.go:94.55,96.4 1 0
github.com/jarakey/jarakey-shared-middleware/migrations/cmd/main.go:97.3,97.63 1 0
github.com/jarakey/jarakey-shared-middleware/migrations/cmd/main.go:99.17,101.17 2 0
github.com/jarakey/jarakey-shared-middleware/migrations/cmd/main.go:101.17,103.4 1 0
github.com/jarakey/jarakey-shared-middleware/migrations/cmd/main.go:104.3,105.12 2 0
github.com/jarakey/jarakey-shared-middleware/migrations/cmd/main.go:105.12,107.4 1 0
github.com/jarakey/jarakey-shared-middleware/migrations/cmd/main.go:107.9,109.4 1 0
github.com/jarakey/jarakey-shared-middleware/migrations/cmd/main.go:111.16,113.17 2 0
github.com/jarakey/jarakey-shared-middleware/migrations/cmd/main.go:113.17,116.4 2 0
github.com/jarakey/jarakey-shared-middleware/migrations/cmd/main.go:117.3,120.80 4 0
github.com/jarakey/jarakey-shared-middleware/migrations/cmd/main.go:122.10,123.99 1 0
github.com/jarakey/jarakey-shared-middleware/migrations/cmd/main.go:128.41,129.19 1 0
github.com/jarakey/jarakey-shared-middleware/migrations/cmd/main.go:129.19,131.3 1 0
github.com/jarakey/jarakey-shared-middleware/migrations/cmd/main.go:134.2,134.19 1 0
github.com/jarakey/jarakey-shared-middleware/migrations/cmd/main.go:134.19,136.3 1 0
github.com/jarakey/jarakey-shared-middleware/migrations/cmd/main.go:138.2,138.14 1 0
github.com/jarakey/jarakey-shared-middleware/types/types.go:151.66,152.16 1 0
github.com/jarakey/jarakey-shared-middleware/types/types.go:152.16,154.3 1 0
github.com/jarakey/jarakey-shared-middleware/types/types.go:155.2,155.53 1 0
github.com/jarakey/jarakey-shared-middleware/types/types.go:159.60,160.16 1 0
github.com/jarakey/jarakey-shared-middleware/types/types.go:160.16,162.3 1 0
github.com/jarakey/jarakey-shared-middleware/types/types.go:163.2,163.53 1 0
github.com/jarakey/jarakey-shared-middleware/types/types.go:167.61,170.2 1 0
github.com/jarakey/jarakey-shared-middleware/types/types.go:173.48,176.2 1 0
github.com/jarakey/jarakey-shared-middleware/types/types.go:179.49,182.2 1 0
github.com/jarakey/jarakey-shared-middleware/types/types.go:185.60,188.2 1 0
github.com/jarakey/jarakey-shared-middleware/middleware/circuit_breaker.go:20.46,21.11 1 9
github.com/jarakey/jarakey-shared-middleware/middleware/circuit_breaker.go:22.19,23.18 1 4
github.com/jarakey/jarakey-shared-middleware/middleware/circuit_breaker.go:24.17,25.16 1 3
github.com/jarakey/jarakey-shared-middleware/middleware/circuit_breaker.go:26.21,27.21 1 2
github.com/jarakey/jarakey-shared-middleware/middleware/circuit_breaker.go:28.10,29.19 1 0
github.com/jarakey/jarakey-shared-middleware/middleware/circuit_breaker.go:42.58,49.2 1 7
github.com/jarakey/jarakey-shared-middleware/middleware/circuit_breaker.go:62.70,63.19 1 12
github.com/jarakey/jarakey-shared-middleware/middleware/circuit_breaker.go:63.19,65.3 1 6
github.com/jarakey/jarakey-shared-middleware/middleware/circuit_breaker.go:67.2,70.3 1 12
github.com/jarakey/jarakey-shared-middleware/middleware/circuit_breaker.go:74.79,75.17 1 9
github.com/jarakey/jarakey-shared-middleware/middleware/circuit_breaker.go:75.17,77.3 1 0
github.com/jarakey/jarakey-shared-middleware/middleware/circuit_breaker.go:79.2,81.12 3 9
github.com/jarakey/jarakey-shared-middleware/middleware/circuit_breaker.go:85.119,86.17 1 1
github.com/jarakey/jarakey-shared-middleware/middleware/circuit_breaker.go:86.17,88.3 1 0
github.com/jarakey/jarakey-shared-middleware/middleware/circuit_breaker.go:90.2,92.20 3 1
github.com/jarakey/jarakey-shared-middleware/middleware/circuit_breaker.go:96.40,101.83 3 16
github.com/jarakey/jarakey-shared-middleware/middleware/circuit_breaker.go:101.83,103.3 1 2
github.com/jarakey/jarakey-shared-middleware/middleware/circuit_breaker.go:105.2,105.30 1 16
github.com/jarakey/jarakey-shared-middleware/middleware/circuit_breaker.go:109.51,113.16 3 10
github.com/jarakey/jarakey-shared-middleware/middleware/circuit_breaker.go:113.16,118.43 4 7
github.com/jarakey/jarakey-shared-middleware/middleware/circuit_breaker.go:118.43,120.4 1 5
github.com/jarakey/jarakey-shared-middleware/middleware/circuit_breaker.go:121.8,125.32 3 3
github.com/jarakey/jarakey-shared-middleware/middleware/circuit_breaker.go:125.32,127.4 1 1
github.com/jarakey/jarakey-shared-middleware/middleware/circuit_breaker.go:132.58,136.2 3 11
github.com/jarakey/jarakey-shared-middleware/middleware/circuit_breaker.go:139.45,143.2 3 6
github.com/jarakey/jarakey-shared-middleware/middleware/circuit_breaker.go:146.48,150.2 3 1
github.com/jarakey/jarakey-shared-middleware/middleware/circuit_breaker.go:153.54,157.2 3 0
github.com/jarakey/jarakey-shared-middleware/middleware/circuit_breaker.go:160.39,165.2 4 1
github.com/jarakey/jarakey-shared-middleware/middleware/circuit_breaker.go:168.40,174.2 5 1
github.com/jarakey/jarakey-shared-middleware/middleware/circuit_breaker.go:177.35,184.2 6 1
github.com/jarakey/jarakey-shared-middleware/middleware/circuit_breaker.go:187.61,193.83 4 2
github.com/jarakey/jarakey-shared-middleware/middleware/circuit_breaker.go:193.83,195.3 1 0
github.com/jarakey/jarakey-shared-middleware/middleware/circuit_breaker.go:197.2,206.3 1 2
github.com/jarakey/jarakey-shared-middleware/middleware/correlation.go:38.47,41.2 1 1
github.com/jarakey/jarakey-shared-middleware/middleware/correlation.go:44.46,47.2 1 2
github.com/jarakey/jarakey-shared-middleware/middleware/correlation.go:50.62,51.46 1 2
github.com/jarakey/jarakey-shared-middleware/middleware/correlation.go:51.46,52.72 1 2
github.com/jarakey/jarakey-shared-middleware/middleware/correlation.go:52.72,62.23 5 2
github.com/jarakey/jarakey-shared-middleware/middleware/correlation.go:62.23,64.5 1 1
github.com/jarakey/jarakey-shared-middleware/middleware/correlation.go:67.4,77.21 4 2
github.com/jarakey/jarakey-shared-middleware/middleware/correlation.go:77.21,79.5 1 1
github.com/jarakey/jarakey-shared-middleware/middleware/correlation.go:80.4,80.20 1 2
github.com/jarakey/jarakey-shared-middleware/middleware/correlation.go:80.20,82.5 1 1
github.com/jarakey/jarakey-shared-middleware/middleware/correlation.go:85.4,88.24 3 2
github.com/jarakey/jarakey-shared-middleware/middleware/correlation.go:94.49,95.30 1 1
github.com/jarakey/jarakey-shared-middleware/middleware/correlation.go:95.30,105.22 5 1
github.com/jarakey/jarakey-shared-middleware/middleware/correlation.go:105.22,107.4 1 1
github.com/jarakey/jarakey-shared-middleware/middleware/correlation.go:110.3,127.20 7 1
github.com/jarakey/jarakey-shared-middleware/middleware/correlation.go:127.20,129.4 1 0
github.com/jarakey/jarakey-shared-middleware/middleware/correlation.go:130.3,130.19 1 1
github.com/jarakey/jarakey-shared-middleware/middleware/correlation.go:130.19,132.4 1 0
github.com/jarakey/jarakey-shared-middleware/middleware/correlation.go:134.3,134.11 1 1
github.com/jarakey/jarakey-shared-middleware/middleware/correlation.go:139.51,141.77 1 7
github.com/jarakey/jarakey-shared-middleware/middleware/correlation.go:141.77,143.3 1 2
github.com/jarakey/jarakey-shared-middleware/middleware/correlation.go:146.2,146.65 1 5
github.com/jarakey/jarakey-shared-middleware/middleware/correlation.go:146.65,148.3 1 1
github.com/jarakey/jarakey-shared-middleware/middleware/correlation.go:151.2,151.59 1 4
github.com/jarakey/jarakey-shared-middleware/middleware/correlation.go:151.59,153.3 1 1
github.com/jarakey/jarakey-shared-middleware/middleware/correlation.go:156.2,156.28 1 3
github.com/jarakey/jarakey-shared-middleware/middleware/correlation.go:160.69,161.79 1 17
github.com/jarakey/jarakey-shared-middleware/middleware/correlation.go:161.79,163.3 1 12
github.com/jarakey/jarakey-shared-middleware/middleware/correlation.go:164.2,164.12 1 5
github.com/jarakey/jarakey-shared-middleware/middleware/correlation.go:168.51,169.59 1 2
github.com/jarakey/jarakey-shared-middleware/middleware/correlation.go:169.59,171.3 1 1
github.com/jarakey/jarakey-shared-middleware/middleware/correlation.go:172.2,172.11 1 1
github.com/jarakey/jarakey-shared-middleware/middleware/correlation.go:176.47,177.59 1 0
github.com/jarakey/jarakey-shared-middleware/middleware/correlation.go:177.59,179.3 1 0
github.com/jarakey/jarakey-shared-middleware/middleware/correlation.go:180.2,180.11 1 0
github.com/jarakey/jarakey-shared-middleware/middleware/correlation.go:184.45,185.59 1 0
github.com/jarakey/jarakey-shared-middleware/middleware/correlation.go:185.59,187.3 1 0
github.com/jarakey/jarakey-shared-middleware/middleware/correlation.go:188.2,188.11 1 0
github.com/jarakey/jarakey-shared-middleware/middleware/correlation.go:192.44,193.59 1 0
github.com/jarakey/jarakey-shared-middleware/middleware/correlation.go:193.59,195.3 1 0
github.com/jarakey/jarakey-shared-middleware/middleware/correlation.go:196.2,196.11 1 0
github.com/jarakey/jarakey-shared-middleware/middleware/correlation.go:200.68,201.59 1 2
github.com/jarakey/jarakey-shared-middleware/middleware/correlation.go:201.59,204.3 2 1
github.com/jarakey/jarakey-shared-middleware/middleware/correlation.go:205.2,205.12 1 1
github.com/jarakey/jarakey-shared-middleware/middleware/correlation.go:209.74,210.59 1 2
github.com/jarakey/jarakey-shared-middleware/middleware/correlation.go:210.59,213.3 2 1
github.com/jarakey/jarakey-shared-middleware/middleware/correlation.go:214.2,214.12 1 1
github.com/jarakey/jarakey-shared-middleware/middleware/correlation.go:218.44,219.59 1 0
github.com/jarakey/jarakey-shared-middleware/middleware/correlation.go:219.59,221.3 1 0
github.com/jarakey/jarakey-shared-middleware/middleware/correlation.go:222.2,222.11 1 0
github.com/jarakey/jarakey-shared-middleware/middleware/correlation.go:226.47,227.59 1 0
github.com/jarakey/jarakey-shared-middleware/middleware/correlation.go:227.59,229.3 1 0
github.com/jarakey/jarakey-shared-middleware/middleware/correlation.go:230.2,230.11 1 0
github.com/jarakey/jarakey-shared-middleware/middleware/correlation.go:234.116,242.2 2 1
github.com/jarakey/jarakey-shared-middleware/middleware/correlation.go:245.74,246.59 1 1
github.com/jarakey/jarakey-shared-middleware/middleware/correlation.go:246.59,247.34 1 1
github.com/jarakey/jarakey-shared-middleware/middleware/correlation.go:247.34,249.4 1 1
github.com/jarakey/jarakey-shared-middleware/middleware/correlation.go:250.3,250.30 1 1
github.com/jarakey/jarakey-shared-middleware/middleware/correlation.go:250.30,252.4 1 1
github.com/jarakey/jarakey-shared-middleware/middleware/correlation.go:253.3,253.28 1 1
github.com/jarakey/jarakey-shared-middleware/middleware/correlation.go:253.28,255.4 1 1
github.com/jarakey/jarakey-shared-middleware/middleware/correlation.go:256.3,256.27 1 1
github.com/jarakey/jarakey-shared-middleware/middleware/correlation.go:256.27,258.4 1 1
github.com/jarakey/jarakey-shared-middleware/middleware/correlation.go:263.72,264.59 1 2
github.com/jarakey/jarakey-shared-middleware/middleware/correlation.go:264.59,266.34 2 1
github.com/jarakey/jarakey-shared-middleware/middleware/correlation.go:266.34,268.4 1 1
github.com/jarakey/jarakey-shared-middleware/middleware/correlation.go:269.3,269.30 1 1
github.com/jarakey/jarakey-shared-middleware/middleware/correlation.go:269.30,271.4 1 1
github.com/jarakey/jarakey-shared-middleware/middleware/correlation.go:272.3,272.28 1 1
github.com/jarakey/jarakey-shared-middleware/middleware/correlation.go:272.28,274.4 1 1
github.com/jarakey/jarakey-shared-middleware/middleware/correlation.go:275.3,275.27 1 1
github.com/jarakey/jarakey-shared-middleware/middleware/correlation.go:275.27,277.4 1 1
github.com/jarakey/jarakey-shared-middleware/middleware/correlation.go:278.3,278.27 1 1
github.com/jarakey/jarakey-shared-middleware/middleware/correlation.go:278.27,280.4 1 1
github.com/jarakey/jarakey-shared-middleware/middleware/correlation.go:281.3,281.30 1 1
github.com/jarakey/jarakey-shared-middleware/middleware/correlation.go:281.30,283.4 1 1
github.com/jarakey/jarakey-shared-middleware/middleware/correlation.go:284.3,284.16 1 1
github.com/jarakey/jarakey-shared-middleware/middleware/correlation.go:286.2,286.12 1 1
github.com/jarakey/jarakey-shared-middleware/middleware/correlation.go:290.55,291.25 1 7
github.com/jarakey/jarakey-shared-middleware/middleware/correlation.go:291.25,293.3 1 1
github.com/jarakey/jarakey-shared-middleware/middleware/correlation.go:296.2,296.53 1 6
github.com/jarakey/jarakey-shared-middleware/middleware/correlation.go:296.53,298.3 1 2
github.com/jarakey/jarakey-shared-middleware/middleware/correlation.go:301.2,301.30 1 4
github.com/jarakey/jarakey-shared-middleware/middleware/correlation.go:301.30,302.38 1 1
github.com/jarakey/jarakey-shared-middleware/middleware/correlation.go:302.38,303.103 1 32
github.com/jarakey/jarakey-shared-middleware/middleware/correlation.go:303.103,305.5 1 1
github.com/jarakey/jarakey-shared-middleware/middleware/correlation.go:307.3,307.14 1 0
github.com/jarakey/jarakey-shared-middleware/middleware/correlation.go:311.2,311.30 1 3
github.com/jarakey/jarakey-shared-middleware/middleware/correlation.go:311.30,312.38 1 1
github.com/jarakey/jarakey-shared-middleware/middleware/correlation.go:312.38,313.103 1 16
github.com/jarakey/jarakey-shared-middleware/middleware/correlation.go:313.103,315.5 1 0
github.com/jarakey/jarakey-shared-middleware/middleware/correlation.go:317.3,317.14 1 1
github.com/jarakey/jarakey-shared-middleware/middleware/correlation.go:320.2,320.14 1 2
github.com/jarakey/jarakey-shared-middleware/middleware/correlation.go:324.57,325.25 1 4
github.com/jarakey/jarakey-shared-middleware/middleware/correlation.go:325.25,327.3 1 1
github.com/jarakey/jarakey-shared-middleware/middleware/correlation.go:330.2,330.29 1 3
github.com/jarakey/jarakey-shared-middleware/middleware/correlation.go:330.29,332.3 1 1
github.com/jarakey/jarakey-shared-middleware/middleware/correlation.go:335.2,335.45 1 2
github.com/jarakey/jarakey-shared-middleware/middleware/correlation.go:335.45,336.105 1 46
github.com/jarakey/jarakey-shared-middleware/middleware/correlation.go:336.105,338.4 1 43
github.com/jarakey/jarakey-shared-middleware/middleware/correlation.go:339.3,339.12 1 3
github.com/jarakey/jarakey-shared-middleware/middleware/correlation.go:342.2,342.18 1 2
github.com/jarakey/jarakey-shared-middleware/middleware/health_check.go:22.39,24.2 1 11
github.com/jarakey/jarakey-shared-middleware/middleware/health_check.go:47.58,53.2 1 11
github.com/jarakey/jarakey-shared-middleware/middleware/health_check.go:56.67,60.2 3 13
github.com/jarakey/jarakey-shared-middleware/middleware/health_check.go:63.51,67.2 3 1
github.com/jarakey/jarakey-shared-middleware/middleware/health_check.go:70.60,74.2 3 2
github.com/jarakey/jarakey-shared-middleware/middleware/health_check.go:77.82,80.37 3 8
github.com/jarakey/jarakey-shared-middleware/middleware/health_check.go:80.37,82.3 1 12
github.com/jarakey/jarakey-shared-middleware/middleware/health_check.go:83.2,94.34 7 8
github.com/jarakey/jarakey-shared-middleware/middleware/health_check.go:94.34,96.43 2 12
github.com/jarakey/jarakey-shared-middleware/middleware/health_check.go:96.43,103.14 3 12
github.com/jarakey/jarakey-shared-middleware/middleware/health_check.go:103.14,106.5 2 12
github.com/jarakey/jarakey-shared-middleware/middleware/health_check.go:109.4,109.11 1 12
github.com/jarakey/jarakey-shared-middleware/middleware/health_check.go:110.32,111.22 1 11
github.com/jarakey/jarakey-shared-middleware/middleware/health_check.go:111.22,113.35 2 10
github.com/jarakey/jarakey-shared-middleware/middleware/health_check.go:113.35,115.7 1 0
github.com/jarakey/jarakey-shared-middleware/middleware/health_check.go:116.11,123.6 1 1
github.com/jarakey/jarakey-shared-middleware/middleware/health_check.go:124.5,124.22 1 11
github.com/jarakey/jarakey-shared-middleware/middleware/health_check.go:125.22,132.6 1 1
github.com/jarakey/jarakey-shared-middleware/middleware/health_check.go:138.2,138.12 1 8
github.com/jarakey/jarakey-shared-middleware/middleware/health_check.go:138.12,141.3 2 8
github.com/jarakey/jarakey-shared-middleware/middleware/health_check.go:144.2,147.30 3 8
github.com/jarakey/jarakey-shared-middleware/middleware/health_check.go:147.30,151.24 2 12
github.com/jarakey/jarakey-shared-middleware/middleware/health_check.go:152.24,153.35 1 4
github.com/jarakey/jarakey-shared-middleware/middleware/health_check.go:154.23,155.40 1 3
github.com/jarakey/jarakey-shared-middleware/middleware/health_check.go:155.40,157.5 1 3
github.com/jarakey/jarakey-shared-middleware/middleware/health_check.go:161.2,170.3 1 8
github.com/jarakey/jarakey-shared-middleware/middleware/health_check.go:174.86,176.35 2 24
github.com/jarakey/jarakey-shared-middleware/middleware/health_check.go:176.35,177.27 1 36
github.com/jarakey/jarakey-shared-middleware/middleware/health_check.go:177.27,179.4 1 12
github.com/jarakey/jarakey-shared-middleware/middleware/health_check.go:181.2,181.14 1 24
github.com/jarakey/jarakey-shared-middleware/middleware/health_check.go:185.57,186.54 1 3
github.com/jarakey/jarakey-shared-middleware/middleware/health_check.go:186.54,193.17 5 3
github.com/jarakey/jarakey-shared-middleware/middleware/health_check.go:194.18,195.30 1 1
github.com/jarakey/jarakey-shared-middleware/middleware/health_check.go:196.19,197.30 1 1
github.com/jarakey/jarakey-shared-middleware/middleware/health_check.go:198.20,199.46 1 1
github.com/jarakey/jarakey-shared-middleware/middleware/health_check.go:200.11,201.47 1 0
github.com/jarakey/jarakey-shared-middleware/middleware/health_check.go:204.3,207.36 3 3
github.com/jarakey/jarakey-shared-middleware/middleware/health_check.go:214.54,215.53 1 0
github.com/jarakey/jarakey-shared-middleware/middleware/health_check.go:215.53,222.3 1 0
github.com/jarakey/jarakey-shared-middleware/middleware/health_check.go:226.75,227.53 1 3
github.com/jarakey/jarakey-shared-middleware/middleware/health_check.go:227.53,233.17 3 3
github.com/jarakey/jarakey-shared-middleware/middleware/health_check.go:233.17,239.4 1 0
github.com/jarakey/jarakey-shared-middleware/middleware/health_check.go:241.3,242.17 2 3
github.com/jarakey/jarakey-shared-middleware/middleware/health_check.go:242.17,248.4 1 1
github.com/jarakey/jarakey-shared-middleware/middleware/health_check.go:249.3,251.54 2 2
github.com/jarakey/jarakey-shared-middleware/middleware/health_check.go:251.54,261.4 1 1
github.com/jarakey/jarakey-shared-middleware/middleware/health_check.go:263.3,271.4 1 1
github.com/jarakey/jarakey-shared-middleware/middleware/health_check.go:276.60,277.53 1 0
github.com/jarakey/jarakey-shared-middleware/middleware/health_check.go:277.53,284.3 1 0
github.com/jarakey/jarakey-shared-middleware/middleware/health_check.go:288.75,289.53 1 2
github.com/jarakey/jarakey-shared-middleware/middleware/health_check.go:289.53,290.36 1 2
github.com/jarakey/jarakey-shared-middleware/middleware/health_check.go:290.36,296.4 1 1
github.com/jarakey/jarakey-shared-middleware/middleware/health_check.go:298.3,302.4 1 1
github.com/jarakey/jarakey-shared-middleware/middleware/metrics.go:186.62,196.2 3 20
github.com/jarakey/jarakey-shared-middleware/middleware/metrics.go:199.46,232.2 19 20
github.com/jarakey/jarakey-shared-middleware/middleware/metrics.go:235.58,238.2 1 380
github.com/jarakey/jarakey-shared-middleware/middleware/metrics.go:241.102,245.25 3 2
github.com/jarakey/jarakey-shared-middleware/middleware/metrics.go:245.25,247.3 1 1
github.com/jarakey/jarakey-shared-middleware/middleware/metrics.go:251.97,253.15 2 3
github.com/jarakey/jarakey-shared-middleware/middleware/metrics.go:254.19,255.17 1 1
github.com/jarakey/jarakey-shared-middleware/middleware/metrics.go:256.21,257.17 1 1
github.com/jarakey/jarakey-shared-middleware/middleware/metrics.go:258.17,259.17 1 1
github.com/jarakey/jarakey-shared-middleware/middleware/metrics.go:262.2,262.62 1 3
github.com/jarakey/jarakey-shared-middleware/middleware/metrics.go:266.72,268.2 1 2
github.com/jarakey/jarakey-shared-middleware/middleware/metrics.go:271.115,273.2 1 2
github.com/jarakey/jarakey-shared-middleware/middleware/metrics.go:276.71,278.2 1 2
github.com/jarakey/jarakey-shared-middleware/middleware/metrics.go:281.71,283.2 1 1
github.com/jarakey/jarakey-shared-middleware/middleware/metrics.go:286.110,288.16 2 1
github.com/jarakey/jarakey-shared-middleware/middleware/metrics.go:289.23,290.18 1 0
github.com/jarakey/jarakey-shared-middleware/middleware/metrics.go:291.22,292.18 1 0
github.com/jarakey/jarakey-shared-middleware/middleware/metrics.go:293.21,294.18 1 1
github.com/jarakey/jarakey-shared-middleware/middleware/metrics.go:297.2,298.93 2 1
github.com/jarakey/jarakey-shared-middleware/middleware/metrics.go:302.111,305.2 2 3
github.com/jarakey/jarakey-shared-middleware/middleware/metrics.go:308.76,310.2 1 3
github.com/jarakey/jarakey-shared-middleware/middleware/metrics.go:313.74,315.2 1 3
github.com/jarakey/jarakey-shared-middleware/middleware/metrics.go:318.81,320.2 1 1
github.com/jarakey/jarakey-shared-middleware/middleware/metrics.go:323.100,325.2 1 1
github.com/jarakey/jarakey-shared-middleware/middleware/metrics.go:328.76,330.2 1 1
github.com/jarakey/jarakey-shared-middleware/middleware/metrics.go:333.61,335.2 1 1
github.com/jarakey/jarakey-shared-middleware/middleware/metrics.go:338.99,341.2 2 1
github.com/jarakey/jarakey-shared-middleware/middleware/metrics.go:344.55,346.2 1 1
github.com/jarakey/jarakey-shared-middleware/middleware/metrics.go:349.80,350.46 1 1
github.com/jarakey/jarakey-shared-middleware/middleware/metrics.go:350.46,351.72 1 1
github.com/jarakey/jarakey-shared-middleware/middleware/metrics.go:351.72,369.4 7 1
github.com/jarakey/jarakey-shared-middleware/middleware/metrics.go:374.67,375.30 1 1
github.com/jarakey/jarakey-shared-middleware/middleware/metrics.go:375.30,390.3 6 1
github.com/jarakey/jarakey-shared-middleware/middleware/metrics.go:399.49,402.2 2 2
github.com/jarakey/jarakey-shared-middleware/middleware/metrics.go:404.56,406.2 1 2
github.com/jarakey/jarakey-shared-middleware/middleware/metrics.go:409.71,448.2 1 1
github.com/jarakey/jarakey-shared-middleware/middleware/retry.go:22.40,38.2 1 8
github.com/jarakey/jarakey-shared-middleware/middleware/retry.go:46.40,48.2 1 4
github.com/jarakey/jarakey-shared-middleware/middleware/retry.go:51.57,52.51 1 11
github.com/jarakey/jarakey-shared-middleware/middleware/retry.go:52.51,53.49 1 10
github.com/jarakey/jarakey-shared-middleware/middleware/retry.go:53.49,54.45 1 32
github.com/jarakey/jarakey-shared-middleware/middleware/retry.go:54.45,56.5 1 8
github.com/jarakey/jarakey-shared-middleware/middleware/retry.go:59.2,59.14 1 3
github.com/jarakey/jarakey-shared-middleware/middleware/retry.go:63.74,67.56 3 6
github.com/jarakey/jarakey-shared-middleware/middleware/retry.go:67.56,69.10 1 11
github.com/jarakey/jarakey-shared-middleware/middleware/retry.go:70.21,71.20 1 1
github.com/jarakey/jarakey-shared-middleware/middleware/retry.go:72.11,72.11 0 10
github.com/jarakey/jarakey-shared-middleware/middleware/retry.go:76.3,76.30 1 10
github.com/jarakey/jarakey-shared-middleware/middleware/retry.go:76.30,78.4 1 1
github.com/jarakey/jarakey-shared-middleware/middleware/retry.go:78.9,80.4 1 9
github.com/jarakey/jarakey-shared-middleware/middleware/retry.go:83.3,83.34 1 9
github.com/jarakey/jarakey-shared-middleware/middleware/retry.go:83.34,84.9 1 3
github.com/jarakey/jarakey-shared-middleware/middleware/retry.go:88.3,88.36 1 6
github.com/jarakey/jarakey-shared-middleware/middleware/retry.go:88.36,90.4 1 1
github.com/jarakey/jarakey-shared-middleware/middleware/retry.go:93.3,94.30 2 5
github.com/jarakey/jarakey-shared-middleware/middleware/retry.go:94.30,96.4 1 0
github.com/jarakey/jarakey-shared-middleware/middleware/retry.go:99.3,99.16 1 5
github.com/jarakey/jarakey-shared-middleware/middleware/retry.go:99.16,102.4 2 4
github.com/jarakey/jarakey-shared-middleware/middleware/retry.go:105.3,105.10 1 5
github.com/jarakey/jarakey-shared-middleware/middleware/retry.go:106.21,107.20 1 0
github.com/jarakey/jarakey-shared-middleware/middleware/retry.go:108.28,108.28 0 5
github.com/jarakey/jarakey-shared-middleware/middleware/retry.go:111.3,111.20 1 5
github.com/jarakey/jarakey-shared-middleware/middleware/retry.go:114.2,114.84 1 3
github.com/jarakey/jarakey-shared-middleware/middleware/retry.go:118.114,122.56 3 1
github.com/jarakey/jarakey-shared-middleware/middleware/retry.go:122.56,124.10 1 2
github.com/jarakey/jarakey-shared-middleware/middleware/retry.go:125.21,126.25 1 0
github.com/jarakey/jarakey-shared-middleware/middleware/retry.go:127.11,127.11 0 2
github.com/jarakey/jarakey-shared-middleware/middleware/retry.go:131.3,131.35 1 2
github.com/jarakey/jarakey-shared-middleware/middleware/retry.go:131.35,133.4 1 1
github.com/jarakey/jarakey-shared-middleware/middleware/retry.go:133.9,135.4 1 1
github.com/jarakey/jarakey-shared-middleware/middleware/retry.go:138.3,138.34 1 1
github.com/jarakey/jarakey-shared-middleware/middleware/retry.go:138.34,139.9 1 0
github.com/jarakey/jarakey-shared-middleware/middleware/retry.go:143.3,143.36 1 1
github.com/jarakey/jarakey-shared-middleware/middleware/retry.go:143.36,145.4 1 0
github.com/jarakey/jarakey-shared-middleware/middleware/retry.go:148.3,149.30 2 1
github.com/jarakey/jarakey-shared-middleware/middleware/retry.go:149.30,151.4 1 0
github.com/jarakey/jarakey-shared-middleware/middleware/retry.go:154.3,154.16 1 1
github.com/jarakey/jarakey-shared-middleware/middleware/retry.go:154.16,157.4 2 1
github.com/jarakey/jarakey-shared-middleware/middleware/retry.go:160.3,160.10 1 1
github.com/jarakey/jarakey-shared-middleware/middleware/retry.go:161.21,162.25 1 0
github.com/jarakey/jarakey-shared-middleware/middleware/retry.go:163.28,163.28 0 1
github.com/jarakey/jarakey-shared-middleware/middleware/retry.go:166.3,166.20 1 1
github.com/jarakey/jarakey-shared-middleware/middleware/retry.go:169.2,169.89 1 0
github.com/jarakey/jarakey-shared-middleware/middleware/retry.go:173.130,176.56 2 1
github.com/jarakey/jarakey-shared-middleware/middleware/retry.go:176.56,178.10 1 2
github.com/jarakey/jarakey-shared-middleware/middleware/retry.go:179.21,180.20 1 0
github.com/jarakey/jarakey-shared-middleware/middleware/retry.go:181.11,181.11 0 2
github.com/jarakey/jarakey-shared-middleware/middleware/retry.go:185.3,185.30 1 2
github.com/jarakey/jarakey-shared-middleware/middleware/retry.go:185.30,187.4 1 1
github.com/jarakey/jarakey-shared-middleware/middleware/retry.go:187.9,189.4 1 1
github.com/jarakey/jarakey-shared-middleware/middleware/retry.go:192.3,192.34 1 1
github.com/jarakey/jarakey-shared-middleware/middleware/retry.go:192.34,193.9 1 0
github.com/jarakey/jarakey-shared-middleware/middleware/retry.go:197.3,197.36 1 1
github.com/jarakey/jarakey-shared-middleware/middleware/retry.go:197.36,199.4 1 0
github.com/jarakey/jarakey-shared-middleware/middleware/retry.go:202.3,203.26 2 1
github.com/jarakey/jarakey-shared-middleware/middleware/retry.go:203.26,205.4 1 0
github.com/jarakey/jarakey-shared-middleware/middleware/retry.go:208.3,208.10 1 1
github.com/jarakey/jarakey-shared-middleware/middleware/retry.go:209.21,210.20 1 0
github.com/jarakey/jarakey-shared-middleware/middleware/retry.go:211.28,211.28 0 1
github.com/jarakey/jarakey-shared-middleware/middleware/retry.go:215.2,215.84 1 0
github.com/jarakey/jarakey-shared-middleware/middleware/retry.go:219.93,222.2 2 4
github.com/jarakey/jarakey-shared-middleware/middleware/retry.go:225.72,227.2 1 4
github.com/jarakey/jarakey-shared-middleware/middleware/retry.go:230.74,232.2 1 5
github.com/jarakey/jarakey-shared-middleware/middleware/retry.go:235.75,236.18 1 6
github.com/jarakey/jarakey-shared-middleware/middleware/retry.go:236.18,238.3 1 2
github.com/jarakey/jarakey-shared-middleware/middleware/retry.go:240.2,242.32 3 4
github.com/jarakey/jarakey-shared-middleware/middleware/retry.go:242.32,244.3 1 10
github.com/jarakey/jarakey-shared-middleware/middleware/retry.go:246.2,246.39 1 4
